
[TriSLA][18:54:24] SELF-HEALING — Verificando diretórios essenciais…
[TriSLA][18:54:24] SELF-HEALING — Conferindo scripts blockchain…
[TriSLA][18:54:24] FASE 1 — Preparando ambiente Python…
Requirement already satisfied: pip in ./.venv/lib/python3.10/site-packages (25.3)
Requirement already satisfied: setuptools in ./.venv/lib/python3.10/site-packages (80.9.0)
Requirement already satisfied: wheel in ./.venv/lib/python3.10/site-packages (0.45.1)
Collecting fastapi
  Using cached fastapi-0.121.3-py3-none-any.whl.metadata (30 kB)
Requirement already satisfied: uvicorn in ./.venv/lib/python3.10/site-packages (0.38.0)
Requirement already satisfied: grpcio in ./.venv/lib/python3.10/site-packages (1.76.0)
Collecting grpcio-tools
  Using cached grpcio_tools-1.76.0-cp310-cp310-manylinux2014_x86_64.manylinux_2_17_x86_64.whl.metadata (5.3 kB)
Requirement already satisfied: rdflib in ./.venv/lib/python3.10/site-packages (7.4.0)
Requirement already satisfied: pydantic in ./.venv/lib/python3.10/site-packages (2.12.4)
Requirement already satisfied: pandas in ./.venv/lib/python3.10/site-packages (2.3.3)
Requirement already satisfied: numpy in ./.venv/lib/python3.10/site-packages (2.2.6)
Requirement already satisfied: scikit-learn in ./.venv/lib/python3.10/site-packages (1.7.2)
Collecting torch
  Using cached torch-2.9.1-cp310-cp310-manylinux_2_28_x86_64.whl.metadata (30 kB)
Collecting web3
  Using cached web3-7.14.0-py3-none-any.whl.metadata (5.6 kB)
Collecting starlette<0.51.0,>=0.40.0 (from fastapi)
  Using cached starlette-0.50.0-py3-none-any.whl.metadata (6.3 kB)
Requirement already satisfied: typing-extensions>=4.8.0 in ./.venv/lib/python3.10/site-packages (from fastapi) (4.15.0)
Requirement already satisfied: annotated-doc>=0.0.2 in ./.venv/lib/python3.10/site-packages (from fastapi) (0.0.4)
Requirement already satisfied: annotated-types>=0.6.0 in ./.venv/lib/python3.10/site-packages (from pydantic) (0.7.0)
Requirement already satisfied: pydantic-core==2.41.5 in ./.venv/lib/python3.10/site-packages (from pydantic) (2.41.5)
Requirement already satisfied: typing-inspection>=0.4.2 in ./.venv/lib/python3.10/site-packages (from pydantic) (0.4.2)
Collecting anyio<5,>=3.6.2 (from starlette<0.51.0,>=0.40.0->fastapi)
  Using cached anyio-4.11.0-py3-none-any.whl.metadata (4.1 kB)
Requirement already satisfied: exceptiongroup>=1.0.2 in ./.venv/lib/python3.10/site-packages (from anyio<5,>=3.6.2->starlette<0.51.0,>=0.40.0->fastapi) (1.3.0)
Requirement already satisfied: idna>=2.8 in ./.venv/lib/python3.10/site-packages (from anyio<5,>=3.6.2->starlette<0.51.0,>=0.40.0->fastapi) (3.11)
Requirement already satisfied: sniffio>=1.1 in ./.venv/lib/python3.10/site-packages (from anyio<5,>=3.6.2->starlette<0.51.0,>=0.40.0->fastapi) (1.3.1)
Requirement already satisfied: click>=7.0 in ./.venv/lib/python3.10/site-packages (from uvicorn) (8.3.1)
Requirement already satisfied: h11>=0.8 in ./.venv/lib/python3.10/site-packages (from uvicorn) (0.16.0)
Requirement already satisfied: protobuf<7.0.0,>=6.31.1 in ./.venv/lib/python3.10/site-packages (from grpcio-tools) (6.33.1)
Requirement already satisfied: setuptools in ./.venv/lib/python3.10/site-packages (from grpcio-tools) (80.9.0)
Requirement already satisfied: isodate<1.0.0,>=0.7.2 in ./.venv/lib/python3.10/site-packages (from rdflib) (0.7.2)
Requirement already satisfied: pyparsing<4,>=2.1.0 in ./.venv/lib/python3.10/site-packages (from rdflib) (3.2.5)
Requirement already satisfied: python-dateutil>=2.8.2 in ./.venv/lib/python3.10/site-packages (from pandas) (2.9.0.post0)
Requirement already satisfied: pytz>=2020.1 in ./.venv/lib/python3.10/site-packages (from pandas) (2025.2)
Requirement already satisfied: tzdata>=2022.7 in ./.venv/lib/python3.10/site-packages (from pandas) (2025.2)
Requirement already satisfied: scipy>=1.8.0 in ./.venv/lib/python3.10/site-packages (from scikit-learn) (1.15.3)
Requirement already satisfied: joblib>=1.2.0 in ./.venv/lib/python3.10/site-packages (from scikit-learn) (1.5.2)
Requirement already satisfied: threadpoolctl>=3.1.0 in ./.venv/lib/python3.10/site-packages (from scikit-learn) (3.6.0)
Requirement already satisfied: filelock in ./.venv/lib/python3.10/site-packages (from torch) (3.20.0)
Requirement already satisfied: sympy>=1.13.3 in ./.venv/lib/python3.10/site-packages (from torch) (1.14.0)
Requirement already satisfied: networkx>=2.5.1 in ./.venv/lib/python3.10/site-packages (from torch) (3.4.2)
Requirement already satisfied: jinja2 in ./.venv/lib/python3.10/site-packages (from torch) (3.1.6)
Requirement already satisfied: fsspec>=0.8.5 in ./.venv/lib/python3.10/site-packages (from torch) (2025.10.0)
Requirement already satisfied: nvidia-cuda-nvrtc-cu12==12.8.93 in ./.venv/lib/python3.10/site-packages (from torch) (12.8.93)
Requirement already satisfied: nvidia-cuda-runtime-cu12==12.8.90 in ./.venv/lib/python3.10/site-packages (from torch) (12.8.90)
Requirement already satisfied: nvidia-cuda-cupti-cu12==12.8.90 in ./.venv/lib/python3.10/site-packages (from torch) (12.8.90)
Requirement already satisfied: nvidia-cudnn-cu12==9.10.2.21 in ./.venv/lib/python3.10/site-packages (from torch) (9.10.2.21)
Requirement already satisfied: nvidia-cublas-cu12==12.8.4.1 in ./.venv/lib/python3.10/site-packages (from torch) (12.8.4.1)
Requirement already satisfied: nvidia-cufft-cu12==11.3.3.83 in ./.venv/lib/python3.10/site-packages (from torch) (11.3.3.83)
Requirement already satisfied: nvidia-curand-cu12==10.3.9.90 in ./.venv/lib/python3.10/site-packages (from torch) (10.3.9.90)
Collecting nvidia-cusolver-cu12==11.7.3.90 (from torch)
  Using cached nvidia_cusolver_cu12-11.7.3.90-py3-none-manylinux_2_27_x86_64.whl.metadata (1.8 kB)
Requirement already satisfied: nvidia-cusparse-cu12==12.5.8.93 in ./.venv/lib/python3.10/site-packages (from torch) (12.5.8.93)
Requirement already satisfied: nvidia-cusparselt-cu12==0.7.1 in ./.venv/lib/python3.10/site-packages (from torch) (0.7.1)
Requirement already satisfied: nvidia-nccl-cu12==2.27.5 in ./.venv/lib/python3.10/site-packages (from torch) (2.27.5)
Requirement already satisfied: nvidia-nvshmem-cu12==3.3.20 in ./.venv/lib/python3.10/site-packages (from torch) (3.3.20)
Requirement already satisfied: nvidia-nvtx-cu12==12.8.90 in ./.venv/lib/python3.10/site-packages (from torch) (12.8.90)
Requirement already satisfied: nvidia-nvjitlink-cu12==12.8.93 in ./.venv/lib/python3.10/site-packages (from torch) (12.8.93)
Requirement already satisfied: nvidia-cufile-cu12==1.13.1.3 in ./.venv/lib/python3.10/site-packages (from torch) (1.13.1.3)
Requirement already satisfied: triton==3.5.1 in ./.venv/lib/python3.10/site-packages (from torch) (3.5.1)
Collecting eth-abi>=5.0.1 (from web3)
  Using cached eth_abi-5.2.0-py3-none-any.whl.metadata (3.8 kB)
Collecting eth-account>=0.13.6 (from web3)
  Using cached eth_account-0.13.7-py3-none-any.whl.metadata (3.7 kB)
Requirement already satisfied: eth-hash>=0.5.1 in ./.venv/lib/python3.10/site-packages (from eth-hash[pycryptodome]>=0.5.1->web3) (0.7.1)
Requirement already satisfied: eth-typing>=5.0.0 in ./.venv/lib/python3.10/site-packages (from web3) (5.2.1)
Collecting eth-utils>=5.0.0 (from web3)
  Using cached eth_utils-5.3.1-py3-none-any.whl.metadata (5.7 kB)
Requirement already satisfied: hexbytes>=1.2.0 in ./.venv/lib/python3.10/site-packages (from web3) (1.3.1)
Collecting aiohttp>=3.7.4.post0 (from web3)
  Using cached aiohttp-3.13.2-cp310-cp310-manylinux2014_x86_64.manylinux_2_17_x86_64.manylinux_2_28_x86_64.whl.metadata (8.1 kB)
Requirement already satisfied: requests>=2.23.0 in ./.venv/lib/python3.10/site-packages (from web3) (2.32.5)
Requirement already satisfied: types-requests>=2.0.0 in ./.venv/lib/python3.10/site-packages (from web3) (2.32.4.20250913)
Requirement already satisfied: websockets<16.0.0,>=10.0.0 in ./.venv/lib/python3.10/site-packages (from web3) (15.0.1)
Requirement already satisfied: pyunormalize>=15.0.0 in ./.venv/lib/python3.10/site-packages (from web3) (17.0.0)
Requirement already satisfied: aiohappyeyeballs>=2.5.0 in ./.venv/lib/python3.10/site-packages (from aiohttp>=3.7.4.post0->web3) (2.6.1)
Requirement already satisfied: aiosignal>=1.4.0 in ./.venv/lib/python3.10/site-packages (from aiohttp>=3.7.4.post0->web3) (1.4.0)
Requirement already satisfied: async-timeout<6.0,>=4.0 in ./.venv/lib/python3.10/site-packages (from aiohttp>=3.7.4.post0->web3) (5.0.1)
Requirement already satisfied: attrs>=17.3.0 in ./.venv/lib/python3.10/site-packages (from aiohttp>=3.7.4.post0->web3) (25.4.0)
Requirement already satisfied: frozenlist>=1.1.1 in ./.venv/lib/python3.10/site-packages (from aiohttp>=3.7.4.post0->web3) (1.8.0)
Requirement already satisfied: multidict<7.0,>=4.5 in ./.venv/lib/python3.10/site-packages (from aiohttp>=3.7.4.post0->web3) (6.7.0)
Requirement already satisfied: propcache>=0.2.0 in ./.venv/lib/python3.10/site-packages (from aiohttp>=3.7.4.post0->web3) (0.4.1)
Requirement already satisfied: yarl<2.0,>=1.17.0 in ./.venv/lib/python3.10/site-packages (from aiohttp>=3.7.4.post0->web3) (1.22.0)
Requirement already satisfied: parsimonious<0.11.0,>=0.10.0 in ./.venv/lib/python3.10/site-packages (from eth-abi>=5.0.1->web3) (0.10.0)
Requirement already satisfied: regex>=2022.3.15 in ./.venv/lib/python3.10/site-packages (from parsimonious<0.11.0,>=0.10.0->eth-abi>=5.0.1->web3) (2025.11.3)
Requirement already satisfied: bitarray>=2.4.0 in ./.venv/lib/python3.10/site-packages (from eth-account>=0.13.6->web3) (3.8.0)
Collecting eth-keyfile<0.9.0,>=0.7.0 (from eth-account>=0.13.6->web3)
  Using cached eth_keyfile-0.8.1-py3-none-any.whl.metadata (8.5 kB)
Collecting eth-keys>=0.4.0 (from eth-account>=0.13.6->web3)
  Using cached eth_keys-0.7.0-py3-none-any.whl.metadata (13 kB)
Collecting eth-rlp>=2.1.0 (from eth-account>=0.13.6->web3)
  Using cached eth_rlp-2.2.0-py3-none-any.whl.metadata (3.3 kB)
Collecting rlp>=1.0.0 (from eth-account>=0.13.6->web3)
  Using cached rlp-4.1.0-py3-none-any.whl.metadata (3.2 kB)
Requirement already satisfied: ckzg>=2.0.0 in ./.venv/lib/python3.10/site-packages (from eth-account>=0.13.6->web3) (2.1.5)
Requirement already satisfied: pycryptodome<4,>=3.6.6 in ./.venv/lib/python3.10/site-packages (from eth-keyfile<0.9.0,>=0.7.0->eth-account>=0.13.6->web3) (3.23.0)
Requirement already satisfied: cytoolz>=0.10.1 in ./.venv/lib/python3.10/site-packages (from eth-utils>=5.0.0->web3) (1.1.0)
Requirement already satisfied: toolz>=0.8.0 in ./.venv/lib/python3.10/site-packages (from cytoolz>=0.10.1->eth-utils>=5.0.0->web3) (1.1.0)
Requirement already satisfied: six>=1.5 in ./.venv/lib/python3.10/site-packages (from python-dateutil>=2.8.2->pandas) (1.17.0)
Requirement already satisfied: charset_normalizer<4,>=2 in ./.venv/lib/python3.10/site-packages (from requests>=2.23.0->web3) (3.4.4)
Requirement already satisfied: urllib3<3,>=1.21.1 in ./.venv/lib/python3.10/site-packages (from requests>=2.23.0->web3) (2.5.0)
Requirement already satisfied: certifi>=2017.4.17 in ./.venv/lib/python3.10/site-packages (from requests>=2.23.0->web3) (2025.11.12)
Requirement already satisfied: mpmath<1.4,>=1.1.0 in ./.venv/lib/python3.10/site-packages (from sympy>=1.13.3->torch) (1.3.0)
Requirement already satisfied: MarkupSafe>=2.0 in ./.venv/lib/python3.10/site-packages (from jinja2->torch) (3.0.3)
Using cached fastapi-0.121.3-py3-none-any.whl (109 kB)
Using cached starlette-0.50.0-py3-none-any.whl (74 kB)
Using cached anyio-4.11.0-py3-none-any.whl (109 kB)
Using cached grpcio_tools-1.76.0-cp310-cp310-manylinux2014_x86_64.manylinux_2_17_x86_64.whl (2.7 MB)
Using cached torch-2.9.1-cp310-cp310-manylinux_2_28_x86_64.whl (899.8 MB)
Using cached nvidia_cusolver_cu12-11.7.3.90-py3-none-manylinux_2_27_x86_64.whl (267.5 MB)
Using cached web3-7.14.0-py3-none-any.whl (1.4 MB)
Using cached aiohttp-3.13.2-cp310-cp310-manylinux2014_x86_64.manylinux_2_17_x86_64.manylinux_2_28_x86_64.whl (1.7 MB)
Using cached eth_abi-5.2.0-py3-none-any.whl (28 kB)
Using cached eth_account-0.13.7-py3-none-any.whl (587 kB)
Using cached eth_keyfile-0.8.1-py3-none-any.whl (7.5 kB)
Using cached eth_keys-0.7.0-py3-none-any.whl (20 kB)
Using cached eth_rlp-2.2.0-py3-none-any.whl (4.4 kB)
Using cached eth_utils-5.3.1-py3-none-any.whl (102 kB)
Using cached rlp-4.1.0-py3-none-any.whl (19 kB)
Installing collected packages: nvidia-cusolver-cu12, grpcio-tools, anyio, torch, starlette, eth-utils, aiohttp, rlp, fastapi, eth-keys, eth-abi, eth-rlp, eth-keyfile, eth-account, web3
ERROR: Could not install packages due to an OSError: [Errno 5] Input/output error


